Build started 11/11/2013 9:27:43 PM.
     1>Project "C:\Users\Zephiro309\Desktop\System\FEUP\ano2\semestre1\AEDA\Projecto 1\repo\empresaTraducoes\empresaTraducoes.vcxproj" on node 2 (build target(s)).
     1>InitializeBuildStatus:
         Creating "Debug\empresaTraducoes.unsuccessfulbuild" because "AlwaysCreate" was specified.
       ClCompile:
         C:\Program Files (x86)\Microsoft Visual Studio 10.0\VC\bin\CL.exe /c /ZI /nologo /W3 /WX- /Od /Oy- /D WIN32 /D _DEBUG /D _CONSOLE /D _UNICODE /D UNICODE /Gm /EHsc /RTC1 /MDd /GS /fp:precise /Zc:wchar_t /Zc:forScope /Fo"Debug\\" /Fd"Debug\vc100.pdb" /Gd /TP /analyze- /errorReport:prompt literarytrans.cpp main.cpp newstrans.cpp Order.cpp System.cpp technicaltrans.cpp Text.cpp translator.cpp
         Text.cpp
         System.cpp
         Order.cpp
         main.cpp
     1>c:\users\zephiro309\desktop\system\feup\ano2\semestre1\aeda\projecto 1\repo\empresatraducoes\main.cpp(30): error C2360: initialization of 'back' is skipped by 'case' label
                 c:\users\zephiro309\desktop\system\feup\ano2\semestre1\aeda\projecto 1\repo\empresatraducoes\main.cpp(28) : see declaration of 'back'
     1>c:\users\zephiro309\desktop\system\feup\ano2\semestre1\aeda\projecto 1\repo\empresatraducoes\main.cpp(31): error C2360: initialization of 'back' is skipped by 'case' label
                 c:\users\zephiro309\desktop\system\feup\ano2\semestre1\aeda\projecto 1\repo\empresatraducoes\main.cpp(28) : see declaration of 'back'
     1>c:\users\zephiro309\desktop\system\feup\ano2\semestre1\aeda\projecto 1\repo\empresatraducoes\main.cpp(59): error C2143: syntax error : missing ';' before '}'
     1>c:\users\zephiro309\desktop\system\feup\ano2\semestre1\aeda\projecto 1\repo\empresatraducoes\main.cpp(59): warning C4060: switch statement contains no 'case' or 'default' labels
     1>c:\users\zephiro309\desktop\system\feup\ano2\semestre1\aeda\projecto 1\repo\empresatraducoes\main.cpp(80): error C2360: initialization of 'back' is skipped by 'case' label
                 c:\users\zephiro309\desktop\system\feup\ano2\semestre1\aeda\projecto 1\repo\empresatraducoes\main.cpp(28) : see declaration of 'back'
     1>c:\users\zephiro309\desktop\system\feup\ano2\semestre1\aeda\projecto 1\repo\empresatraducoes\main.cpp(81): error C2360: initialization of 'back' is skipped by 'case' label
                 c:\users\zephiro309\desktop\system\feup\ano2\semestre1\aeda\projecto 1\repo\empresatraducoes\main.cpp(28) : see declaration of 'back'
     1>c:\users\zephiro309\desktop\system\feup\ano2\semestre1\aeda\projecto 1\repo\empresatraducoes\main.cpp(84): error C2360: initialization of 'back' is skipped by 'case' label
                 c:\users\zephiro309\desktop\system\feup\ano2\semestre1\aeda\projecto 1\repo\empresatraducoes\main.cpp(28) : see declaration of 'back'
     1>c:\users\zephiro309\desktop\system\feup\ano2\semestre1\aeda\projecto 1\repo\empresatraducoes\main.cpp(85): error C2360: initialization of 'back' is skipped by 'case' label
                 c:\users\zephiro309\desktop\system\feup\ano2\semestre1\aeda\projecto 1\repo\empresatraducoes\main.cpp(28) : see declaration of 'back'
     1>c:\users\zephiro309\desktop\system\feup\ano2\semestre1\aeda\projecto 1\repo\empresatraducoes\main.cpp(88): error C2361: initialization of 'back' is skipped by 'default' label
                 c:\users\zephiro309\desktop\system\feup\ano2\semestre1\aeda\projecto 1\repo\empresatraducoes\main.cpp(28) : see declaration of 'back'
         Generating Code...
         Compiling...
         translator.cpp
         technicaltrans.cpp
         newstrans.cpp
         literarytrans.cpp
         Generating Code...
     1>Done Building Project "C:\Users\Zephiro309\Desktop\System\FEUP\ano2\semestre1\AEDA\Projecto 1\repo\empresaTraducoes\empresaTraducoes.vcxproj" (build target(s)) -- FAILED.

Build FAILED.

Time Elapsed 00:00:03.94
